android/app/build/intermediates/manifest_merge_blame_file/release/manifest-merger-blame-release-report.txt
1<?xml version="1.0" encoding="utf-8"?>
2<manifest xmlns:android="http://schemas.android.com/apk/res/android"
3    package="com.eden.mkopa"
4    android:versionCode="23"
5    android:versionName="1.9.5" >
6
7    <uses-sdk
8        android:minSdkVersion="24"
9        android:targetSdkVersion="34" />
10
11    <uses-permission android:name="android.permission.INTERNET" />
11-->src\main\AndroidManifest.xml:5:5-67
11-->src\main\AndroidManifest.xml:5:22-64
12    <uses-permission android:name="android.permission.ACCESS_NETWORK_STATE" />
12-->src\main\AndroidManifest.xml:6:5-79
12-->src\main\AndroidManifest.xml:6:22-76
13    <uses-permission android:name="android.permission.RECEIVE_BOOT_COMPLETED" />
13-->src\main\AndroidManifest.xml:7:5-81
13-->src\main\AndroidManifest.xml:7:22-78
14    <uses-permission android:name="android.permission.REQUEST_INSTALL_PACKAGES" />
14-->src\main\AndroidManifest.xml:8:5-83
14-->src\main\AndroidManifest.xml:8:22-80
15    <uses-permission android:name="android.permission.READ_EXTERNAL_STORAGE" />
15-->src\main\AndroidManifest.xml:9:5-80
15-->src\main\AndroidManifest.xml:9:22-77
16    <uses-permission android:name="android.permission.WRITE_EXTERNAL_STORAGE" />
16-->src\main\AndroidManifest.xml:10:5-81
16-->src\main\AndroidManifest.xml:10:22-78
17    <uses-permission android:name="android.permission.MANAGE_EXTERNAL_STORAGE" />
17-->src\main\AndroidManifest.xml:11:5-82
17-->src\main\AndroidManifest.xml:11:22-79
18    <uses-permission android:name="android.permission.FOREGROUND_SERVICE" />
18-->src\main\AndroidManifest.xml:12:5-77
18-->src\main\AndroidManifest.xml:12:22-74
19    <uses-permission android:name="android.permission.SYSTEM_ALERT_WINDOW" />
19-->src\main\AndroidManifest.xml:13:5-78
19-->src\main\AndroidManifest.xml:13:22-75
20    <uses-permission android:name="android.permission.CAMERA" />
20-->src\main\AndroidManifest.xml:14:5-65
20-->src\main\AndroidManifest.xml:14:22-62
21    <uses-permission android:name="android.permission.NFC" />
21-->src\main\AndroidManifest.xml:15:5-62
21-->src\main\AndroidManifest.xml:15:22-59
22    <uses-permission android:name="android.permission.INSTALL_PACKAGES" />
22-->src\main\AndroidManifest.xml:16:5-75
22-->src\main\AndroidManifest.xml:16:22-72
23    <uses-permission android:name="android.permission.DELETE_PACKAGES" />
23-->src\main\AndroidManifest.xml:17:5-74
23-->src\main\AndroidManifest.xml:17:22-71
24    <uses-permission android:name="android.permission.POST_NOTIFICATIONS" />
24-->src\main\AndroidManifest.xml:18:5-77
24-->src\main\AndroidManifest.xml:18:22-74
25    <uses-permission android:name="android.permission.READ_PHONE_STATE" />
25-->src\main\AndroidManifest.xml:19:5-75
25-->src\main\AndroidManifest.xml:19:22-72
26
27    <!-- CALL AND SMS BLOCKING PERMISSIONS -->
28    <uses-permission android:name="android.permission.CALL_PHONE" />
28-->src\main\AndroidManifest.xml:22:5-69
28-->src\main\AndroidManifest.xml:22:22-66
29    <uses-permission android:name="android.permission.ANSWER_PHONE_CALLS" />
29-->src\main\AndroidManifest.xml:23:5-77
29-->src\main\AndroidManifest.xml:23:22-74
30    <uses-permission android:name="android.permission.READ_CALL_LOG" />
30-->src\main\AndroidManifest.xml:24:5-72
30-->src\main\AndroidManifest.xml:24:22-69
31    <uses-permission android:name="android.permission.WRITE_CALL_LOG" />
31-->src\main\AndroidManifest.xml:25:5-73
31-->src\main\AndroidManifest.xml:25:22-70
32    <uses-permission android:name="android.permission.SEND_SMS" />
32-->src\main\AndroidManifest.xml:26:5-67
32-->src\main\AndroidManifest.xml:26:22-64
33    <uses-permission android:name="android.permission.RECEIVE_SMS" />
33-->src\main\AndroidManifest.xml:27:5-70
33-->src\main\AndroidManifest.xml:27:22-67
34    <uses-permission android:name="android.permission.READ_SMS" />
34-->src\main\AndroidManifest.xml:28:5-67
34-->src\main\AndroidManifest.xml:28:22-64
35    <uses-permission android:name="android.permission.WRITE_SMS" />
35-->src\main\AndroidManifest.xml:29:5-68
35-->src\main\AndroidManifest.xml:29:22-65
36
37    <!-- MAXIMUM SECURITY PERMISSIONS -->
38    <uses-permission android:name="android.permission.BIND_DEVICE_ADMIN" />
38-->src\main\AndroidManifest.xml:32:5-76
38-->src\main\AndroidManifest.xml:32:22-73
39    <uses-permission android:name="android.permission.MANAGE_DEVICE_ADMINS" />
39-->src\main\AndroidManifest.xml:33:5-79
39-->src\main\AndroidManifest.xml:33:22-76
40    <uses-permission android:name="android.permission.DISABLE_KEYGUARD" />
40-->src\main\AndroidManifest.xml:34:5-75
40-->src\main\AndroidManifest.xml:34:22-72
41    <uses-permission android:name="android.permission.WAKE_LOCK" />
41-->src\main\AndroidManifest.xml:35:5-68
41-->src\main\AndroidManifest.xml:35:22-65
42    <uses-permission android:name="android.permission.REORDER_TASKS" />
42-->src\main\AndroidManifest.xml:36:5-72
42-->src\main\AndroidManifest.xml:36:22-69
43    <uses-permission android:name="android.permission.GET_TASKS" />
43-->src\main\AndroidManifest.xml:37:5-68
43-->src\main\AndroidManifest.xml:37:22-65
44    <uses-permission android:name="android.permission.QUERY_ALL_PACKAGES" />
44-->src\main\AndroidManifest.xml:38:5-77
44-->src\main\AndroidManifest.xml:38:22-74
45    <uses-permission android:name="android.permission.PACKAGE_USAGE_STATS" />
45-->src\main\AndroidManifest.xml:39:5-78
45-->src\main\AndroidManifest.xml:39:22-75
46    <uses-permission android:name="android.permission.MODIFY_AUDIO_SETTINGS" />
46-->src\main\AndroidManifest.xml:40:5-80
46-->src\main\AndroidManifest.xml:40:22-77
47    <uses-permission android:name="android.permission.ACCESS_NOTIFICATION_POLICY" />
47-->src\main\AndroidManifest.xml:41:5-85
47-->src\main\AndroidManifest.xml:41:22-82
48
49    <!-- FACTORY RESET PROTECTION -->
50    <uses-permission android:name="android.permission.MASTER_CLEAR" />
50-->src\main\AndroidManifest.xml:44:5-71
50-->src\main\AndroidManifest.xml:44:22-68
51    <uses-permission android:name="android.permission.RECOVERY" />
51-->src\main\AndroidManifest.xml:45:5-67
51-->src\main\AndroidManifest.xml:45:22-64
52    <uses-permission android:name="android.permission.REBOOT" />
52-->src\main\AndroidManifest.xml:46:5-65
52-->src\main\AndroidManifest.xml:46:22-62
53
54    <!-- SYSTEM LEVEL PERMISSIONS -->
55    <uses-permission android:name="android.permission.WRITE_SECURE_SETTINGS" />
55-->src\main\AndroidManifest.xml:49:5-50:47
55-->src\main\AndroidManifest.xml:49:22-77
56    <uses-permission android:name="android.permission.WRITE_SETTINGS" />
56-->src\main\AndroidManifest.xml:51:5-73
56-->src\main\AndroidManifest.xml:51:22-70
57    <uses-permission android:name="android.permission.CHANGE_CONFIGURATION" />
57-->src\main\AndroidManifest.xml:52:5-79
57-->src\main\AndroidManifest.xml:52:22-76
58
59    <!-- PREVENT UNINSTALL -->
60    <uses-permission android:name="android.permission.REQUEST_DELETE_PACKAGES" />
60-->src\main\AndroidManifest.xml:55:5-82
60-->src\main\AndroidManifest.xml:55:22-79
61    <uses-permission android:name="android.permission.CLEAR_APP_USER_DATA" />
61-->src\main\AndroidManifest.xml:56:5-78
61-->src\main\AndroidManifest.xml:56:22-75
62
63    <uses-feature
63-->src\main\AndroidManifest.xml:58:5-85
64        android:name="android.hardware.camera"
64-->src\main\AndroidManifest.xml:58:19-57
65        android:required="false" />
65-->src\main\AndroidManifest.xml:58:58-82
66    <uses-feature
66-->src\main\AndroidManifest.xml:59:5-82
67        android:name="android.hardware.nfc"
67-->src\main\AndroidManifest.xml:59:19-54
68        android:required="false" />
68-->src\main\AndroidManifest.xml:59:55-79
69
70    <permission
70-->[androidx.core:core:1.12.0] AndroidManifest.xml:22:5-24:47
71        android:name="com.eden.mkopa.DYNAMIC_RECEIVER_NOT_EXPORTED_PERMISSION"
71-->[androidx.core:core:1.12.0] AndroidManifest.xml:23:9-81
72        android:protectionLevel="signature" />
72-->[androidx.core:core:1.12.0] AndroidManifest.xml:24:9-44
73
74    <uses-permission android:name="com.eden.mkopa.DYNAMIC_RECEIVER_NOT_EXPORTED_PERMISSION" />
74-->[androidx.core:core:1.12.0] AndroidManifest.xml:26:5-97
74-->[androidx.core:core:1.12.0] AndroidManifest.xml:26:22-94
75
76    <application
76-->src\main\AndroidManifest.xml:61:5-170:19
77        android:allowBackup="false"
77-->src\main\AndroidManifest.xml:62:9-36
78        android:appComponentFactory="androidx.core.app.CoreComponentFactory"
78-->[androidx.core:core:1.12.0] AndroidManifest.xml:28:18-86
79        android:extractNativeLibs="false"
80        android:icon="@mipmap/ic_launcher"
80-->src\main\AndroidManifest.xml:63:9-43
81        android:label="@string/app_name"
81-->src\main\AndroidManifest.xml:64:9-41
82        android:supportsRtl="true"
82-->src\main\AndroidManifest.xml:65:9-35
83        android:theme="@style/Theme.AppCompat.Light.NoActionBar" >
83-->src\main\AndroidManifest.xml:66:9-65
84
85        <!-- Device Admin Receiver -->
86        <receiver
86-->src\main\AndroidManifest.xml:70:9-81:20
87            android:name="com.eden.mkopa.DeviceAdminReceiver"
87-->src\main\AndroidManifest.xml:71:13-48
88            android:exported="true"
88-->src\main\AndroidManifest.xml:72:13-36
89            android:permission="android.permission.BIND_DEVICE_ADMIN" >
89-->src\main\AndroidManifest.xml:73:13-70
90            <meta-data
90-->src\main\AndroidManifest.xml:74:13-76:56
91                android:name="android.app.device_admin"
91-->src\main\AndroidManifest.xml:75:17-56
92                android:resource="@xml/device_admin" />
92-->src\main\AndroidManifest.xml:76:17-53
93
94            <intent-filter>
94-->src\main\AndroidManifest.xml:77:13-80:29
95                <action android:name="android.app.action.DEVICE_ADMIN_ENABLED" />
95-->src\main\AndroidManifest.xml:78:17-82
95-->src\main\AndroidManifest.xml:78:25-79
96                <action android:name="android.app.action.PROFILE_PROVISIONING_COMPLETE" />
96-->src\main\AndroidManifest.xml:79:17-91
96-->src\main\AndroidManifest.xml:79:25-88
97            </intent-filter>
98        </receiver>
99
100        <!-- Splash Screen Activity (Launcher) -->
101        <activity
101-->src\main\AndroidManifest.xml:84:9-96:20
102            android:name="com.eden.mkopa.SplashActivity"
102-->src\main\AndroidManifest.xml:85:13-43
103            android:exported="true"
103-->src\main\AndroidManifest.xml:86:13-36
104            android:launchMode="singleTask"
104-->src\main\AndroidManifest.xml:87:13-44
105            android:lockTaskMode="if_whitelisted"
105-->src\main\AndroidManifest.xml:88:13-50
106            android:theme="@style/Theme.AppCompat.Light.NoActionBar" >
106-->src\main\AndroidManifest.xml:89:13-69
107            <intent-filter>
107-->src\main\AndroidManifest.xml:90:13-95:29
108                <action android:name="android.intent.action.MAIN" />
108-->src\main\AndroidManifest.xml:91:17-69
108-->src\main\AndroidManifest.xml:91:25-66
109
110                <category android:name="android.intent.category.LAUNCHER" />
110-->src\main\AndroidManifest.xml:92:17-77
110-->src\main\AndroidManifest.xml:92:27-74
111                <category android:name="android.intent.category.HOME" />
111-->src\main\AndroidManifest.xml:93:17-73
111-->src\main\AndroidManifest.xml:93:27-70
112                <category android:name="android.intent.category.DEFAULT" />
112-->src\main\AndroidManifest.xml:94:17-76
112-->src\main\AndroidManifest.xml:94:27-73
113            </intent-filter>
114        </activity>
115
116        <!-- PIN Entry Activity -->
117        <activity
117-->src\main\AndroidManifest.xml:99:9-103:53
118            android:name="com.eden.mkopa.PinEntryActivity"
118-->src\main\AndroidManifest.xml:100:13-45
119            android:exported="false"
119-->src\main\AndroidManifest.xml:101:13-37
120            android:launchMode="singleTask"
120-->src\main\AndroidManifest.xml:102:13-44
121            android:lockTaskMode="if_whitelisted" />
121-->src\main\AndroidManifest.xml:103:13-50
122
123        <!-- Main Dashboard Activity -->
124        <activity
124-->src\main\AndroidManifest.xml:106:9-110:53
125            android:name="com.eden.mkopa.MainActivity"
125-->src\main\AndroidManifest.xml:107:13-41
126            android:exported="false"
126-->src\main\AndroidManifest.xml:108:13-37
127            android:launchMode="singleTask"
127-->src\main\AndroidManifest.xml:109:13-44
128            android:lockTaskMode="if_whitelisted" />
128-->src\main\AndroidManifest.xml:110:13-50
129
130        <!-- Lock Screen Activity -->
131        <activity
131-->src\main\AndroidManifest.xml:113:9-118:49
132            android:name="com.eden.mkopa.LockScreenActivity"
132-->src\main\AndroidManifest.xml:114:13-47
133            android:excludeFromRecents="true"
133-->src\main\AndroidManifest.xml:118:13-46
134            android:exported="false"
134-->src\main\AndroidManifest.xml:115:13-37
135            android:launchMode="singleTask"
135-->src\main\AndroidManifest.xml:116:13-44
136            android:lockTaskMode="if_whitelisted" />
136-->src\main\AndroidManifest.xml:117:13-50
137
138        <!-- Device Owner Setup Activity -->
139        <activity
139-->src\main\AndroidManifest.xml:121:9-124:72
140            android:name="com.eden.mkopa.DeviceOwnerSetupActivity"
140-->src\main\AndroidManifest.xml:122:13-53
141            android:exported="false"
141-->src\main\AndroidManifest.xml:123:13-37
142            android:theme="@style/Theme.AppCompat.Light.NoActionBar" />
142-->src\main\AndroidManifest.xml:124:13-69
143
144        <!-- Boot Receiver -->
145        <receiver
145-->src\main\AndroidManifest.xml:127:9-133:20
146            android:name="com.eden.mkopa.BootReceiver"
146-->src\main\AndroidManifest.xml:128:13-41
147            android:exported="true" >
147-->src\main\AndroidManifest.xml:129:13-36
148            <intent-filter>
148-->src\main\AndroidManifest.xml:130:13-132:29
149                <action android:name="android.intent.action.BOOT_COMPLETED" />
149-->src\main\AndroidManifest.xml:131:17-79
149-->src\main\AndroidManifest.xml:131:25-76
150            </intent-filter>
151        </receiver>
152
153        <!-- Sync Worker -->
154        <service
154-->src\main\AndroidManifest.xml:136:9-138:40
155            android:name="com.eden.mkopa.SyncService"
155-->src\main\AndroidManifest.xml:137:13-40
156            android:exported="false" />
156-->src\main\AndroidManifest.xml:138:13-37
157
158        <!-- Lock Monitor Service -->
159        <service
159-->src\main\AndroidManifest.xml:141:9-145:56
160            android:name="com.eden.mkopa.LockMonitorService"
160-->src\main\AndroidManifest.xml:142:13-47
161            android:enabled="true"
161-->src\main\AndroidManifest.xml:143:13-35
162            android:exported="false"
162-->src\main\AndroidManifest.xml:144:13-37
163            android:foregroundServiceType="dataSync" />
163-->src\main\AndroidManifest.xml:145:13-53
164
165        <!-- Factory Reset Protection Service -->
166        <service
166-->src\main\AndroidManifest.xml:148:9-153:39
167            android:name="com.eden.mkopa.FactoryResetProtectionService"
167-->src\main\AndroidManifest.xml:149:13-58
168            android:enabled="true"
168-->src\main\AndroidManifest.xml:150:13-35
169            android:exported="false"
169-->src\main\AndroidManifest.xml:151:13-37
170            android:foregroundServiceType="systemExempted"
170-->src\main\AndroidManifest.xml:152:13-59
171            android:priority="1000" />
171-->src\main\AndroidManifest.xml:153:13-36
172
173        <!-- Factory Reset Protection Receiver -->
174        <receiver
174-->src\main\AndroidManifest.xml:156:9-168:20
175            android:name="com.eden.mkopa.FactoryResetProtectionReceiver"
175-->src\main\AndroidManifest.xml:157:13-59
176            android:enabled="true"
176-->src\main\AndroidManifest.xml:158:13-35
177            android:exported="true"
177-->src\main\AndroidManifest.xml:159:13-36
178            android:priority="1000" >
178-->src\main\AndroidManifest.xml:160:13-36
179            <intent-filter android:priority="1000" >
179-->src\main\AndroidManifest.xml:161:13-167:29
179-->src\main\AndroidManifest.xml:161:28-51
180                <action android:name="android.intent.action.BOOT_COMPLETED" />
180-->src\main\AndroidManifest.xml:131:17-79
180-->src\main\AndroidManifest.xml:131:25-76
181                <action android:name="android.intent.action.MASTER_CLEAR" />
181-->src\main\AndroidManifest.xml:163:17-77
181-->src\main\AndroidManifest.xml:163:25-74
182                <action android:name="android.intent.action.FACTORY_RESET" />
182-->src\main\AndroidManifest.xml:164:17-78
182-->src\main\AndroidManifest.xml:164:25-75
183                <action android:name="android.intent.action.PACKAGE_REMOVED" />
183-->src\main\AndroidManifest.xml:165:17-80
183-->src\main\AndroidManifest.xml:165:25-77
184
185                <data android:scheme="package" />
185-->src\main\AndroidManifest.xml:166:17-50
185-->src\main\AndroidManifest.xml:166:23-47
186            </intent-filter>
187        </receiver>
188
189        <provider
189-->[androidx.emoji2:emoji2:1.2.0] AndroidManifest.xml:24:9-32:20
190            android:name="androidx.startup.InitializationProvider"
190-->[androidx.emoji2:emoji2:1.2.0] AndroidManifest.xml:25:13-67
191            android:authorities="com.eden.mkopa.androidx-startup"
191-->[androidx.emoji2:emoji2:1.2.0] AndroidManifest.xml:26:13-68
192            android:exported="false" >
192-->[androidx.emoji2:emoji2:1.2.0] AndroidManifest.xml:27:13-37
193            <meta-data
193-->[androidx.emoji2:emoji2:1.2.0] AndroidManifest.xml:29:13-31:52
194                android:name="androidx.emoji2.text.EmojiCompatInitializer"
194-->[androidx.emoji2:emoji2:1.2.0] AndroidManifest.xml:30:17-75
195                android:value="androidx.startup" />
195-->[androidx.emoji2:emoji2:1.2.0] AndroidManifest.xml:31:17-49
196            <meta-data
196-->[androidx.work:work-runtime:2.9.0] AndroidManifest.xml:34:13-36:52
197                android:name="androidx.work.WorkManagerInitializer"
197-->[androidx.work:work-runtime:2.9.0] AndroidManifest.xml:35:17-68
198                android:value="androidx.startup" />
198-->[androidx.work:work-runtime:2.9.0] AndroidManifest.xml:36:17-49
199            <meta-data
199-->[androidx.lifecycle:lifecycle-process:2.6.1] AndroidManifest.xml:29:13-31:52
200                android:name="androidx.lifecycle.ProcessLifecycleInitializer"
200-->[androidx.lifecycle:lifecycle-process:2.6.1] AndroidManifest.xml:30:17-78
201                android:value="androidx.startup" />
201-->[androidx.lifecycle:lifecycle-process:2.6.1] AndroidManifest.xml:31:17-49
202            <meta-data
202-->[androidx.profileinstaller:profileinstaller:1.3.0] AndroidManifest.xml:29:13-31:52
203                android:name="androidx.profileinstaller.ProfileInstallerInitializer"
203-->[androidx.profileinstaller:profileinstaller:1.3.0] AndroidManifest.xml:30:17-85
204                android:value="androidx.startup" />
204-->[androidx.profileinstaller:profileinstaller:1.3.0] AndroidManifest.xml:31:17-49
205        </provider>
206
207        <service
207-->[androidx.work:work-runtime:2.9.0] AndroidManifest.xml:39:9-45:35
208            android:name="androidx.work.impl.background.systemalarm.SystemAlarmService"
208-->[androidx.work:work-runtime:2.9.0] AndroidManifest.xml:40:13-88
209            android:directBootAware="false"
209-->[androidx.work:work-runtime:2.9.0] AndroidManifest.xml:41:13-44
210            android:enabled="@bool/enable_system_alarm_service_default"
210-->[androidx.work:work-runtime:2.9.0] AndroidManifest.xml:42:13-72
211            android:exported="false" />
211-->[androidx.work:work-runtime:2.9.0] AndroidManifest.xml:43:13-37
212        <service
212-->[androidx.work:work-runtime:2.9.0] AndroidManifest.xml:46:9-52:35
213            android:name="androidx.work.impl.background.systemjob.SystemJobService"
213-->[androidx.work:work-runtime:2.9.0] AndroidManifest.xml:47:13-84
214            android:directBootAware="false"
214-->[androidx.work:work-runtime:2.9.0] AndroidManifest.xml:48:13-44
215            android:enabled="@bool/enable_system_job_service_default"
215-->[androidx.work:work-runtime:2.9.0] AndroidManifest.xml:49:13-70
216            android:exported="true"
216-->[androidx.work:work-runtime:2.9.0] AndroidManifest.xml:50:13-36
217            android:permission="android.permission.BIND_JOB_SERVICE" />
217-->[androidx.work:work-runtime:2.9.0] AndroidManifest.xml:51:13-69
218        <service
218-->[androidx.work:work-runtime:2.9.0] AndroidManifest.xml:53:9-59:35
219            android:name="androidx.work.impl.foreground.SystemForegroundService"
219-->[androidx.work:work-runtime:2.9.0] AndroidManifest.xml:54:13-81
220            android:directBootAware="false"
220-->[androidx.work:work-runtime:2.9.0] AndroidManifest.xml:55:13-44
221            android:enabled="@bool/enable_system_foreground_service_default"
221-->[androidx.work:work-runtime:2.9.0] AndroidManifest.xml:56:13-77
222            android:exported="false" />
222-->[androidx.work:work-runtime:2.9.0] AndroidManifest.xml:57:13-37
223
224        <receiver
224-->[androidx.work:work-runtime:2.9.0] AndroidManifest.xml:61:9-66:35
225            android:name="androidx.work.impl.utils.ForceStopRunnable$BroadcastReceiver"
225-->[androidx.work:work-runtime:2.9.0] AndroidManifest.xml:62:13-88
226            android:directBootAware="false"
226-->[androidx.work:work-runtime:2.9.0] AndroidManifest.xml:63:13-44
227            android:enabled="true"
227-->[androidx.work:work-runtime:2.9.0] AndroidManifest.xml:64:13-35
228            android:exported="false" />
228-->[androidx.work:work-runtime:2.9.0] AndroidManifest.xml:65:13-37
229        <receiver
229-->[androidx.work:work-runtime:2.9.0] AndroidManifest.xml:67:9-77:20
230            android:name="androidx.work.impl.background.systemalarm.ConstraintProxy$BatteryChargingProxy"
230-->[androidx.work:work-runtime:2.9.0] AndroidManifest.xml:68:13-106
231            android:directBootAware="false"
231-->[androidx.work:work-runtime:2.9.0] AndroidManifest.xml:69:13-44
232            android:enabled="false"
232-->[androidx.work:work-runtime:2.9.0] AndroidManifest.xml:70:13-36
233            android:exported="false" >
233-->[androidx.work:work-runtime:2.9.0] AndroidManifest.xml:71:13-37
234            <intent-filter>
234-->[androidx.work:work-runtime:2.9.0] AndroidManifest.xml:73:13-76:29
235                <action android:name="android.intent.action.ACTION_POWER_CONNECTED" />
235-->[androidx.work:work-runtime:2.9.0] AndroidManifest.xml:74:17-87
235-->[androidx.work:work-runtime:2.9.0] AndroidManifest.xml:74:25-84
236                <action android:name="android.intent.action.ACTION_POWER_DISCONNECTED" />
236-->[androidx.work:work-runtime:2.9.0] AndroidManifest.xml:75:17-90
236-->[androidx.work:work-runtime:2.9.0] AndroidManifest.xml:75:25-87
237            </intent-filter>
238        </receiver>
239        <receiver
239-->[androidx.work:work-runtime:2.9.0] AndroidManifest.xml:78:9-88:20
240            android:name="androidx.work.impl.background.systemalarm.ConstraintProxy$BatteryNotLowProxy"
240-->[androidx.work:work-runtime:2.9.0] AndroidManifest.xml:79:13-104
241            android:directBootAware="false"
241-->[androidx.work:work-runtime:2.9.0] AndroidManifest.xml:80:13-44
242            android:enabled="false"
242-->[androidx.work:work-runtime:2.9.0] AndroidManifest.xml:81:13-36
243            android:exported="false" >
243-->[androidx.work:work-runtime:2.9.0] AndroidManifest.xml:82:13-37
244            <intent-filter>
244-->[androidx.work:work-runtime:2.9.0] AndroidManifest.xml:84:13-87:29
245                <action android:name="android.intent.action.BATTERY_OKAY" />
245-->[androidx.work:work-runtime:2.9.0] AndroidManifest.xml:85:17-77
245-->[androidx.work:work-runtime:2.9.0] AndroidManifest.xml:85:25-74
246                <action android:name="android.intent.action.BATTERY_LOW" />
246-->[androidx.work:work-runtime:2.9.0] AndroidManifest.xml:86:17-76
246-->[androidx.work:work-runtime:2.9.0] AndroidManifest.xml:86:25-73
247            </intent-filter>
248        </receiver>
249        <receiver
249-->[androidx.work:work-runtime:2.9.0] AndroidManifest.xml:89:9-99:20
250            android:name="androidx.work.impl.background.systemalarm.ConstraintProxy$StorageNotLowProxy"
250-->[androidx.work:work-runtime:2.9.0] AndroidManifest.xml:90:13-104
251            android:directBootAware="false"
251-->[androidx.work:work-runtime:2.9.0] AndroidManifest.xml:91:13-44
252            android:enabled="false"
252-->[androidx.work:work-runtime:2.9.0] AndroidManifest.xml:92:13-36
253            android:exported="false" >
253-->[androidx.work:work-runtime:2.9.0] AndroidManifest.xml:93:13-37
254            <intent-filter>
254-->[androidx.work:work-runtime:2.9.0] AndroidManifest.xml:95:13-98:29
255                <action android:name="android.intent.action.DEVICE_STORAGE_LOW" />
255-->[androidx.work:work-runtime:2.9.0] AndroidManifest.xml:96:17-83
255-->[androidx.work:work-runtime:2.9.0] AndroidManifest.xml:96:25-80
256                <action android:name="android.intent.action.DEVICE_STORAGE_OK" />
256-->[androidx.work:work-runtime:2.9.0] AndroidManifest.xml:97:17-82
256-->[androidx.work:work-runtime:2.9.0] AndroidManifest.xml:97:25-79
257            </intent-filter>
258        </receiver>
259        <receiver
259-->[androidx.work:work-runtime:2.9.0] AndroidManifest.xml:100:9-109:20
260            android:name="androidx.work.impl.background.systemalarm.ConstraintProxy$NetworkStateProxy"
260-->[androidx.work:work-runtime:2.9.0] AndroidManifest.xml:101:13-103
261            android:directBootAware="false"
261-->[androidx.work:work-runtime:2.9.0] AndroidManifest.xml:102:13-44
262            android:enabled="false"
262-->[androidx.work:work-runtime:2.9.0] AndroidManifest.xml:103:13-36
263            android:exported="false" >
263-->[androidx.work:work-runtime:2.9.0] AndroidManifest.xml:104:13-37
264            <intent-filter>
264-->[androidx.work:work-runtime:2.9.0] AndroidManifest.xml:106:13-108:29
265                <action android:name="android.net.conn.CONNECTIVITY_CHANGE" />
265-->[androidx.work:work-runtime:2.9.0] AndroidManifest.xml:107:17-79
265-->[androidx.work:work-runtime:2.9.0] AndroidManifest.xml:107:25-76
266            </intent-filter>
267        </receiver>
268        <receiver
268-->[androidx.work:work-runtime:2.9.0] AndroidManifest.xml:110:9-121:20
269            android:name="androidx.work.impl.background.systemalarm.RescheduleReceiver"
269-->[androidx.work:work-runtime:2.9.0] AndroidManifest.xml:111:13-88
270            android:directBootAware="false"
270-->[androidx.work:work-runtime:2.9.0] AndroidManifest.xml:112:13-44
271            android:enabled="false"
271-->[androidx.work:work-runtime:2.9.0] AndroidManifest.xml:113:13-36
272            android:exported="false" >
272-->[androidx.work:work-runtime:2.9.0] AndroidManifest.xml:114:13-37
273            <intent-filter>
273-->[androidx.work:work-runtime:2.9.0] AndroidManifest.xml:116:13-120:29
274                <action android:name="android.intent.action.BOOT_COMPLETED" />
274-->src\main\AndroidManifest.xml:131:17-79
274-->src\main\AndroidManifest.xml:131:25-76
275                <action android:name="android.intent.action.TIME_SET" />
275-->[androidx.work:work-runtime:2.9.0] AndroidManifest.xml:118:17-73
275-->[androidx.work:work-runtime:2.9.0] AndroidManifest.xml:118:25-70
276                <action android:name="android.intent.action.TIMEZONE_CHANGED" />
276-->[androidx.work:work-runtime:2.9.0] AndroidManifest.xml:119:17-81
276-->[androidx.work:work-runtime:2.9.0] AndroidManifest.xml:119:25-78
277            </intent-filter>
278        </receiver>
279        <receiver
279-->[androidx.work:work-runtime:2.9.0] AndroidManifest.xml:122:9-131:20
280            android:name="androidx.work.impl.background.systemalarm.ConstraintProxyUpdateReceiver"
280-->[androidx.work:work-runtime:2.9.0] AndroidManifest.xml:123:13-99
281            android:directBootAware="false"
281-->[androidx.work:work-runtime:2.9.0] AndroidManifest.xml:124:13-44
282            android:enabled="@bool/enable_system_alarm_service_default"
282-->[androidx.work:work-runtime:2.9.0] AndroidManifest.xml:125:13-72
283            android:exported="false" >
283-->[androidx.work:work-runtime:2.9.0] AndroidManifest.xml:126:13-37
284            <intent-filter>
284-->[androidx.work:work-runtime:2.9.0] AndroidManifest.xml:128:13-130:29
285                <action android:name="androidx.work.impl.background.systemalarm.UpdateProxies" />
285-->[androidx.work:work-runtime:2.9.0] AndroidManifest.xml:129:17-98
285-->[androidx.work:work-runtime:2.9.0] AndroidManifest.xml:129:25-95
286            </intent-filter>
287        </receiver>
288        <receiver
288-->[androidx.work:work-runtime:2.9.0] AndroidManifest.xml:132:9-142:20
289            android:name="androidx.work.impl.diagnostics.DiagnosticsReceiver"
289-->[androidx.work:work-runtime:2.9.0] AndroidManifest.xml:133:13-78
290            android:directBootAware="false"
290-->[androidx.work:work-runtime:2.9.0] AndroidManifest.xml:134:13-44
291            android:enabled="true"
291-->[androidx.work:work-runtime:2.9.0] AndroidManifest.xml:135:13-35
292            android:exported="true"
292-->[androidx.work:work-runtime:2.9.0] AndroidManifest.xml:136:13-36
293            android:permission="android.permission.DUMP" >
293-->[androidx.work:work-runtime:2.9.0] AndroidManifest.xml:137:13-57
294            <intent-filter>
294-->[androidx.work:work-runtime:2.9.0] AndroidManifest.xml:139:13-141:29
295                <action android:name="androidx.work.diagnostics.REQUEST_DIAGNOSTICS" />
295-->[androidx.work:work-runtime:2.9.0] AndroidManifest.xml:140:17-88
295-->[androidx.work:work-runtime:2.9.0] AndroidManifest.xml:140:25-85
296            </intent-filter>
297        </receiver>
298
299        <service
299-->[androidx.room:room-runtime:2.5.0] AndroidManifest.xml:24:9-28:63